<?xml version="1.0" encoding="UTF-8"?>
<testng-results ignored="0" total="6" passed="6" failed="0" skipped="0">
  <reporter-output>
  </reporter-output>
  <suite started-at="2024-03-03T14:08:47 IST" name="Suite" finished-at="2024-03-03T14:10:46 IST" duration-ms="119797">
    <groups>
    </groups>
    <test started-at="2024-03-03T14:08:47 IST" name="Test1" finished-at="2024-03-03T14:10:46 IST" duration-ms="119797">
      <class name="test_Book.BaseClass">
        <test-method is-config="true" signature="setup_Browser(java.lang.String,java.lang.String)[pri:0, instance:test_Book.BaseClass@35e2d654]" started-at="2024-03-03T14:08:47 IST" name="setup_Browser" finished-at="2024-03-03T14:08:52 IST" duration-ms="5208" status="PASS">
          <params>
            <param index="0">
              <value>
                <![CDATA[chrome]]>
              </value>
            </param>
            <param index="1">
              <value>
                <![CDATA[https://www.urbanladder.com/]]>
              </value>
            </param>
          </params>
          <reporter-output>
          </reporter-output>
        </test-method> <!-- setup_Browser -->
        <test-method signature="VerifyWebsite()[pri:1, instance:test_Book.BaseClass@35e2d654]" started-at="2024-03-03T14:08:52 IST" name="VerifyWebsite" finished-at="2024-03-03T14:09:13 IST" duration-ms="20461" status="PASS">
          <reporter-output>
          </reporter-output>
        </test-method> <!-- VerifyWebsite -->
        <test-method signature="displayBookShelves()[pri:2, instance:test_Book.BaseClass@35e2d654]" started-at="2024-03-03T14:09:13 IST" name="displayBookShelves" finished-at="2024-03-03T14:09:49 IST" duration-ms="36210" status="PASS">
          <reporter-output>
          </reporter-output>
        </test-method> <!-- displayBookShelves -->
        <test-method signature="ByAtHome()[pri:3, instance:test_Book.BaseClass@35e2d654]" started-at="2024-03-03T14:09:49 IST" name="ByAtHome" finished-at="2024-03-03T14:10:11 IST" duration-ms="21816" status="PASS">
          <reporter-output>
          </reporter-output>
        </test-method> <!-- ByAtHome -->
        <test-method signature="giftCard()[pri:4, instance:test_Book.BaseClass@35e2d654]" started-at="2024-03-03T14:10:11 IST" name="giftCard" finished-at="2024-03-03T14:10:23 IST" duration-ms="11474" status="PASS">
          <reporter-output>
          </reporter-output>
        </test-method> <!-- giftCard -->
        <test-method signature="giftCardformNegative()[pri:5, instance:test_Book.BaseClass@35e2d654]" started-at="2024-03-03T14:10:23 IST" name="giftCardformNegative" finished-at="2024-03-03T14:10:34 IST" duration-ms="11043" status="PASS">
          <reporter-output>
          </reporter-output>
        </test-method> <!-- giftCardformNegative -->
        <test-method signature="giftCardformPositive()[pri:6, instance:test_Book.BaseClass@35e2d654]" started-at="2024-03-03T14:10:34 IST" name="giftCardformPositive" finished-at="2024-03-03T14:10:45 IST" duration-ms="10618" status="PASS">
          <reporter-output>
          </reporter-output>
        </test-method> <!-- giftCardformPositive -->
        <test-method is-config="true" signature="close_Browser()[pri:0, instance:test_Book.BaseClass@35e2d654]" started-at="2024-03-03T14:10:45 IST" name="close_Browser" finished-at="2024-03-03T14:10:46 IST" duration-ms="1143" status="PASS">
          <reporter-output>
          </reporter-output>
        </test-method> <!-- close_Browser -->
      </class> <!-- test_Book.BaseClass -->
    </test> <!-- Test1 -->
  </suite> <!-- Suite -->
</testng-results>
